[2020-04-20 01:13:11] local.ERROR: Error: Call to undefined method MimMarcelo\API\ContaContas\Controllers\ContasController::paginate() in C:\Users\Marcelo Júnior\Downloads\api-conta-contas\src\Controllers\BaseController.php:29
Stack trace:
#0 [internal function]: MimMarcelo\API\ContaContas\Controllers\BaseController->index(Object(Laravel\Lumen\Http\Request))
#1 C:\Users\Marcelo Júnior\Downloads\api-conta-contas\vendor\illuminate\container\BoundMethod.php(32): call_user_func_array(Array, Array)
#2 C:\Users\Marcelo Júnior\Downloads\api-conta-contas\vendor\illuminate\container\Util.php(36): Illuminate\Container\BoundMethod::Illuminate\Container\{closure}()
#3 C:\Users\Marcelo Júnior\Downloads\api-conta-contas\vendor\illuminate\container\BoundMethod.php(90): Illuminate\Container\Util::unwrapIfClosure(Object(Closure))
#4 C:\Users\Marcelo Júnior\Downloads\api-conta-contas\vendor\illuminate\container\BoundMethod.php(34): Illuminate\Container\BoundMethod::callBoundMethod(Object(Laravel\Lumen\Application), Array, Object(Closure))
#5 C:\Users\Marcelo Júnior\Downloads\api-conta-contas\vendor\illuminate\container\Container.php(592): Illuminate\Container\BoundMethod::call(Object(Laravel\Lumen\Application), Array, Array, NULL)
#6 C:\Users\Marcelo Júnior\Downloads\api-conta-contas\vendor\laravel\lumen-framework\src\Concerns\RoutesRequests.php(376): Illuminate\Container\Container->call(Array, Array)
#7 C:\Users\Marcelo Júnior\Downloads\api-conta-contas\vendor\laravel\lumen-framework\src\Concerns\RoutesRequests.php(342): Laravel\Lumen\Application->callControllerCallable(Array, Array)
#8 C:\Users\Marcelo Júnior\Downloads\api-conta-contas\vendor\laravel\lumen-framework\src\Concerns\RoutesRequests.php(316): Laravel\Lumen\Application->callLumenController(Object(MimMarcelo\API\ContaContas\Controllers\ContasController), 'index', Array)
#9 C:\Users\Marcelo Júnior\Downloads\api-conta-contas\vendor\laravel\lumen-framework\src\Concerns\RoutesRequests.php(278): Laravel\Lumen\Application->callControllerAction(Array)
#10 C:\Users\Marcelo Júnior\Downloads\api-conta-contas\vendor\laravel\lumen-framework\src\Concerns\RoutesRequests.php(263): Laravel\Lumen\Application->callActionOnArrayBasedRoute(Array)
#11 C:\Users\Marcelo Júnior\Downloads\api-conta-contas\vendor\laravel\lumen-framework\src\Concerns\RoutesRequests.php(165): Laravel\Lumen\Application->handleFoundRoute(Array)
#12 C:\Users\Marcelo Júnior\Downloads\api-conta-contas\vendor\laravel\lumen-framework\src\Concerns\RoutesRequests.php(416): Laravel\Lumen\Application->Laravel\Lumen\Concerns\{closure}(Object(Laravel\Lumen\Http\Request))
#13 C:\Users\Marcelo Júnior\Downloads\api-conta-contas\vendor\laravel\lumen-framework\src\Concerns\RoutesRequests.php(171): Laravel\Lumen\Application->sendThroughPipeline(Array, Object(Closure))
#14 C:\Users\Marcelo Júnior\Downloads\api-conta-contas\vendor\laravel\lumen-framework\src\Concerns\RoutesRequests.php(108): Laravel\Lumen\Application->dispatch(NULL)
#15 C:\Users\Marcelo Júnior\Downloads\api-conta-contas\public\index.php(28): Laravel\Lumen\Application->run()
#16 {main} {"exception":"[object] (Error(code: 0): Call to undefined method MimMarcelo\\API\\ContaContas\\Controllers\\ContasController::paginate() at C:\\Users\\Marcelo Júnior\\Downloads\\api-conta-contas\\src\\Controllers\\BaseController.php:29)
[stacktrace]
#0 [internal function]: MimMarcelo\\API\\ContaContas\\Controllers\\BaseController->index(Object(Laravel\\Lumen\\Http\\Request))
#1 C:\\Users\\Marcelo Júnior\\Downloads\\api-conta-contas\\vendor\\illuminate\\container\\BoundMethod.php(32): call_user_func_array(Array, Array)
#2 C:\\Users\\Marcelo Júnior\\Downloads\\api-conta-contas\\vendor\\illuminate\\container\\Util.php(36): Illuminate\\Container\\BoundMethod::Illuminate\\Container\\{closure}()
#3 C:\\Users\\Marcelo Júnior\\Downloads\\api-conta-contas\\vendor\\illuminate\\container\\BoundMethod.php(90): Illuminate\\Container\\Util::unwrapIfClosure(Object(Closure))
#4 C:\\Users\\Marcelo Júnior\\Downloads\\api-conta-contas\\vendor\\illuminate\\container\\BoundMethod.php(34): Illuminate\\Container\\BoundMethod::callBoundMethod(Object(Laravel\\Lumen\\Application), Array, Object(Closure))
#5 C:\\Users\\Marcelo Júnior\\Downloads\\api-conta-contas\\vendor\\illuminate\\container\\Container.php(592): Illuminate\\Container\\BoundMethod::call(Object(Laravel\\Lumen\\Application), Array, Array, NULL)
#6 C:\\Users\\Marcelo Júnior\\Downloads\\api-conta-contas\\vendor\\laravel\\lumen-framework\\src\\Concerns\\RoutesRequests.php(376): Illuminate\\Container\\Container->call(Array, Array)
#7 C:\\Users\\Marcelo Júnior\\Downloads\\api-conta-contas\\vendor\\laravel\\lumen-framework\\src\\Concerns\\RoutesRequests.php(342): Laravel\\Lumen\\Application->callControllerCallable(Array, Array)
#8 C:\\Users\\Marcelo Júnior\\Downloads\\api-conta-contas\\vendor\\laravel\\lumen-framework\\src\\Concerns\\RoutesRequests.php(316): Laravel\\Lumen\\Application->callLumenController(Object(MimMarcelo\\API\\ContaContas\\Controllers\\ContasController), 'index', Array)
#9 C:\\Users\\Marcelo Júnior\\Downloads\\api-conta-contas\\vendor\\laravel\\lumen-framework\\src\\Concerns\\RoutesRequests.php(278): Laravel\\Lumen\\Application->callControllerAction(Array)
#10 C:\\Users\\Marcelo Júnior\\Downloads\\api-conta-contas\\vendor\\laravel\\lumen-framework\\src\\Concerns\\RoutesRequests.php(263): Laravel\\Lumen\\Application->callActionOnArrayBasedRoute(Array)
#11 C:\\Users\\Marcelo Júnior\\Downloads\\api-conta-contas\\vendor\\laravel\\lumen-framework\\src\\Concerns\\RoutesRequests.php(165): Laravel\\Lumen\\Application->handleFoundRoute(Array)
#12 C:\\Users\\Marcelo Júnior\\Downloads\\api-conta-contas\\vendor\\laravel\\lumen-framework\\src\\Concerns\\RoutesRequests.php(416): Laravel\\Lumen\\Application->Laravel\\Lumen\\Concerns\\{closure}(Object(Laravel\\Lumen\\Http\\Request))
#13 C:\\Users\\Marcelo Júnior\\Downloads\\api-conta-contas\\vendor\\laravel\\lumen-framework\\src\\Concerns\\RoutesRequests.php(171): Laravel\\Lumen\\Application->sendThroughPipeline(Array, Object(Closure))
#14 C:\\Users\\Marcelo Júnior\\Downloads\\api-conta-contas\\vendor\\laravel\\lumen-framework\\src\\Concerns\\RoutesRequests.php(108): Laravel\\Lumen\\Application->dispatch(NULL)
#15 C:\\Users\\Marcelo Júnior\\Downloads\\api-conta-contas\\public\\index.php(28): Laravel\\Lumen\\Application->run()
#16 {main}
"} 
[2020-04-20 01:28:32] local.ERROR: PDOException: SQLSTATE[HY000]: General error: 1 no such table: tipos in C:\Users\Marcelo Júnior\Downloads\api-conta-contas\vendor\illuminate\database\Connection.php:331
Stack trace:
#0 C:\Users\Marcelo Júnior\Downloads\api-conta-contas\vendor\illuminate\database\Connection.php(331): PDO->prepare('select count(*)...')
#1 C:\Users\Marcelo Júnior\Downloads\api-conta-contas\vendor\illuminate\database\Connection.php(664): Illuminate\Database\Connection->Illuminate\Database\{closure}('select count(*)...', Array)
#2 C:\Users\Marcelo Júnior\Downloads\api-conta-contas\vendor\illuminate\database\Connection.php(631): Illuminate\Database\Connection->runQueryCallback('select count(*)...', Array, Object(Closure))
#3 C:\Users\Marcelo Júnior\Downloads\api-conta-contas\vendor\illuminate\database\Connection.php(339): Illuminate\Database\Connection->run('select count(*)...', Array, Object(Closure))
#4 C:\Users\Marcelo Júnior\Downloads\api-conta-contas\vendor\illuminate\database\Query\Builder.php(2178): Illuminate\Database\Connection->select('select count(*)...', Array, true)
#5 C:\Users\Marcelo Júnior\Downloads\api-conta-contas\vendor\illuminate\database\Query\Builder.php(2166): Illuminate\Database\Query\Builder->runSelect()
#6 C:\Users\Marcelo Júnior\Downloads\api-conta-contas\vendor\illuminate\database\Query\Builder.php(2638): Illuminate\Database\Query\Builder->Illuminate\Database\Query\{closure}()
#7 C:\Users\Marcelo Júnior\Downloads\api-conta-contas\vendor\illuminate\database\Query\Builder.php(2167): Illuminate\Database\Query\Builder->onceWithColumns(Array, Object(Closure))
#8 C:\Users\Marcelo Júnior\Downloads\api-conta-contas\vendor\illuminate\database\Query\Builder.php(2265): Illuminate\Database\Query\Builder->get()
#9 C:\Users\Marcelo Júnior\Downloads\api-conta-contas\vendor\illuminate\database\Query\Builder.php(2236): Illuminate\Database\Query\Builder->runPaginationCountQuery(Array)
#10 C:\Users\Marcelo Júnior\Downloads\api-conta-contas\vendor\illuminate\database\Eloquent\Builder.php(722): Illuminate\Database\Query\Builder->getCountForPagination()
#11 C:\Users\Marcelo Júnior\Downloads\api-conta-contas\vendor\illuminate\support\Traits\ForwardsCalls.php(23): Illuminate\Database\Eloquent\Builder->paginate(15)
#12 C:\Users\Marcelo Júnior\Downloads\api-conta-contas\vendor\illuminate\database\Eloquent\Model.php(1662): Illuminate\Database\Eloquent\Model->forwardCallTo(Object(Illuminate\Database\Eloquent\Builder), 'paginate', Array)
#13 C:\Users\Marcelo Júnior\Downloads\api-conta-contas\vendor\illuminate\database\Eloquent\Model.php(1674): Illuminate\Database\Eloquent\Model->__call('paginate', Array)
#14 C:\Users\Marcelo Júnior\Downloads\api-conta-contas\src\Controllers\BaseController.php(31): Illuminate\Database\Eloquent\Model::__callStatic('paginate', Array)
#15 [internal function]: MimMarcelo\API\ContaContas\Controllers\BaseController->index(Object(Laravel\Lumen\Http\Request))
#16 C:\Users\Marcelo Júnior\Downloads\api-conta-contas\vendor\illuminate\container\BoundMethod.php(32): call_user_func_array(Array, Array)
#17 C:\Users\Marcelo Júnior\Downloads\api-conta-contas\vendor\illuminate\container\Util.php(36): Illuminate\Container\BoundMethod::Illuminate\Container\{closure}()
#18 C:\Users\Marcelo Júnior\Downloads\api-conta-contas\vendor\illuminate\container\BoundMethod.php(90): Illuminate\Container\Util::unwrapIfClosure(Object(Closure))
#19 C:\Users\Marcelo Júnior\Downloads\api-conta-contas\vendor\illuminate\container\BoundMethod.php(34): Illuminate\Container\BoundMethod::callBoundMethod(Object(Laravel\Lumen\Application), Array, Object(Closure))
#20 C:\Users\Marcelo Júnior\Downloads\api-conta-contas\vendor\illuminate\container\Container.php(592): Illuminate\Container\BoundMethod::call(Object(Laravel\Lumen\Application), Array, Array, NULL)
#21 C:\Users\Marcelo Júnior\Downloads\api-conta-contas\vendor\laravel\lumen-framework\src\Concerns\RoutesRequests.php(376): Illuminate\Container\Container->call(Array, Array)
#22 C:\Users\Marcelo Júnior\Downloads\api-conta-contas\vendor\laravel\lumen-framework\src\Concerns\RoutesRequests.php(342): Laravel\Lumen\Application->callControllerCallable(Array, Array)
#23 C:\Users\Marcelo Júnior\Downloads\api-conta-contas\vendor\laravel\lumen-framework\src\Concerns\RoutesRequests.php(316): Laravel\Lumen\Application->callLumenController(Object(MimMarcelo\API\ContaContas\Controllers\TiposController), 'index', Array)
#24 C:\Users\Marcelo Júnior\Downloads\api-conta-contas\vendor\laravel\lumen-framework\src\Concerns\RoutesRequests.php(278): Laravel\Lumen\Application->callControllerAction(Array)
#25 C:\Users\Marcelo Júnior\Downloads\api-conta-contas\vendor\laravel\lumen-framework\src\Concerns\RoutesRequests.php(263): Laravel\Lumen\Application->callActionOnArrayBasedRoute(Array)
#26 C:\Users\Marcelo Júnior\Downloads\api-conta-contas\vendor\laravel\lumen-framework\src\Concerns\RoutesRequests.php(165): Laravel\Lumen\Application->handleFoundRoute(Array)
#27 C:\Users\Marcelo Júnior\Downloads\api-conta-contas\vendor\laravel\lumen-framework\src\Concerns\RoutesRequests.php(416): Laravel\Lumen\Application->Laravel\Lumen\Concerns\{closure}(Object(Laravel\Lumen\Http\Request))
#28 C:\Users\Marcelo Júnior\Downloads\api-conta-contas\vendor\laravel\lumen-framework\src\Concerns\RoutesRequests.php(171): Laravel\Lumen\Application->sendThroughPipeline(Array, Object(Closure))
#29 C:\Users\Marcelo Júnior\Downloads\api-conta-contas\vendor\laravel\lumen-framework\src\Concerns\RoutesRequests.php(108): Laravel\Lumen\Application->dispatch(NULL)
#30 C:\Users\Marcelo Júnior\Downloads\api-conta-contas\public\index.php(28): Laravel\Lumen\Application->run()
#31 {main}

Next Illuminate\Database\QueryException: SQLSTATE[HY000]: General error: 1 no such table: tipos (SQL: select count(*) as aggregate from "tipos") in C:\Users\Marcelo Júnior\Downloads\api-conta-contas\vendor\illuminate\database\Connection.php:671
Stack trace:
#0 C:\Users\Marcelo Júnior\Downloads\api-conta-contas\vendor\illuminate\database\Connection.php(631): Illuminate\Database\Connection->runQueryCallback('select count(*)...', Array, Object(Closure))
#1 C:\Users\Marcelo Júnior\Downloads\api-conta-contas\vendor\illuminate\database\Connection.php(339): Illuminate\Database\Connection->run('select count(*)...', Array, Object(Closure))
#2 C:\Users\Marcelo Júnior\Downloads\api-conta-contas\vendor\illuminate\database\Query\Builder.php(2178): Illuminate\Database\Connection->select('select count(*)...', Array, true)
#3 C:\Users\Marcelo Júnior\Downloads\api-conta-contas\vendor\illuminate\database\Query\Builder.php(2166): Illuminate\Database\Query\Builder->runSelect()
#4 C:\Users\Marcelo Júnior\Downloads\api-conta-contas\vendor\illuminate\database\Query\Builder.php(2638): Illuminate\Database\Query\Builder->Illuminate\Database\Query\{closure}()
#5 C:\Users\Marcelo Júnior\Downloads\api-conta-contas\vendor\illuminate\database\Query\Builder.php(2167): Illuminate\Database\Query\Builder->onceWithColumns(Array, Object(Closure))
#6 C:\Users\Marcelo Júnior\Downloads\api-conta-contas\vendor\illuminate\database\Query\Builder.php(2265): Illuminate\Database\Query\Builder->get()
#7 C:\Users\Marcelo Júnior\Downloads\api-conta-contas\vendor\illuminate\database\Query\Builder.php(2236): Illuminate\Database\Query\Builder->runPaginationCountQuery(Array)
#8 C:\Users\Marcelo Júnior\Downloads\api-conta-contas\vendor\illuminate\database\Eloquent\Builder.php(722): Illuminate\Database\Query\Builder->getCountForPagination()
#9 C:\Users\Marcelo Júnior\Downloads\api-conta-contas\vendor\illuminate\support\Traits\ForwardsCalls.php(23): Illuminate\Database\Eloquent\Builder->paginate(15)
#10 C:\Users\Marcelo Júnior\Downloads\api-conta-contas\vendor\illuminate\database\Eloquent\Model.php(1662): Illuminate\Database\Eloquent\Model->forwardCallTo(Object(Illuminate\Database\Eloquent\Builder), 'paginate', Array)
#11 C:\Users\Marcelo Júnior\Downloads\api-conta-contas\vendor\illuminate\database\Eloquent\Model.php(1674): Illuminate\Database\Eloquent\Model->__call('paginate', Array)
#12 C:\Users\Marcelo Júnior\Downloads\api-conta-contas\src\Controllers\BaseController.php(31): Illuminate\Database\Eloquent\Model::__callStatic('paginate', Array)
#13 [internal function]: MimMarcelo\API\ContaContas\Controllers\BaseController->index(Object(Laravel\Lumen\Http\Request))
#14 C:\Users\Marcelo Júnior\Downloads\api-conta-contas\vendor\illuminate\container\BoundMethod.php(32): call_user_func_array(Array, Array)
#15 C:\Users\Marcelo Júnior\Downloads\api-conta-contas\vendor\illuminate\container\Util.php(36): Illuminate\Container\BoundMethod::Illuminate\Container\{closure}()
#16 C:\Users\Marcelo Júnior\Downloads\api-conta-contas\vendor\illuminate\container\BoundMethod.php(90): Illuminate\Container\Util::unwrapIfClosure(Object(Closure))
#17 C:\Users\Marcelo Júnior\Downloads\api-conta-contas\vendor\illuminate\container\BoundMethod.php(34): Illuminate\Container\BoundMethod::callBoundMethod(Object(Laravel\Lumen\Application), Array, Object(Closure))
#18 C:\Users\Marcelo Júnior\Downloads\api-conta-contas\vendor\illuminate\container\Container.php(592): Illuminate\Container\BoundMethod::call(Object(Laravel\Lumen\Application), Array, Array, NULL)
#19 C:\Users\Marcelo Júnior\Downloads\api-conta-contas\vendor\laravel\lumen-framework\src\Concerns\RoutesRequests.php(376): Illuminate\Container\Container->call(Array, Array)
#20 C:\Users\Marcelo Júnior\Downloads\api-conta-contas\vendor\laravel\lumen-framework\src\Concerns\RoutesRequests.php(342): Laravel\Lumen\Application->callControllerCallable(Array, Array)
#21 C:\Users\Marcelo Júnior\Downloads\api-conta-contas\vendor\laravel\lumen-framework\src\Concerns\RoutesRequests.php(316): Laravel\Lumen\Application->callLumenController(Object(MimMarcelo\API\ContaContas\Controllers\TiposController), 'index', Array)
#22 C:\Users\Marcelo Júnior\Downloads\api-conta-contas\vendor\laravel\lumen-framework\src\Concerns\RoutesRequests.php(278): Laravel\Lumen\Application->callControllerAction(Array)
#23 C:\Users\Marcelo Júnior\Downloads\api-conta-contas\vendor\laravel\lumen-framework\src\Concerns\RoutesRequests.php(263): Laravel\Lumen\Application->callActionOnArrayBasedRoute(Array)
#24 C:\Users\Marcelo Júnior\Downloads\api-conta-contas\vendor\laravel\lumen-framework\src\Concerns\RoutesRequests.php(165): Laravel\Lumen\Application->handleFoundRoute(Array)
#25 C:\Users\Marcelo Júnior\Downloads\api-conta-contas\vendor\laravel\lumen-framework\src\Concerns\RoutesRequests.php(416): Laravel\Lumen\Application->Laravel\Lumen\Concerns\{closure}(Object(Laravel\Lumen\Http\Request))
#26 C:\Users\Marcelo Júnior\Downloads\api-conta-contas\vendor\laravel\lumen-framework\src\Concerns\RoutesRequests.php(171): Laravel\Lumen\Application->sendThroughPipeline(Array, Object(Closure))
#27 C:\Users\Marcelo Júnior\Downloads\api-conta-contas\vendor\laravel\lumen-framework\src\Concerns\RoutesRequests.php(108): Laravel\Lumen\Application->dispatch(NULL)
#28 C:\Users\Marcelo Júnior\Downloads\api-conta-contas\public\index.php(28): Laravel\Lumen\Application->run()
#29 {main} {"exception":"[object] (Illuminate\\Database\\QueryException(code: HY000): SQLSTATE[HY000]: General error: 1 no such table: tipos (SQL: select count(*) as aggregate from \"tipos\") at C:\\Users\\Marcelo Júnior\\Downloads\\api-conta-contas\\vendor\\illuminate\\database\\Connection.php:671)
[stacktrace]
#0 C:\\Users\\Marcelo Júnior\\Downloads\\api-conta-contas\\vendor\\illuminate\\database\\Connection.php(631): Illuminate\\Database\\Connection->runQueryCallback('select count(*)...', Array, Object(Closure))
#1 C:\\Users\\Marcelo Júnior\\Downloads\\api-conta-contas\\vendor\\illuminate\\database\\Connection.php(339): Illuminate\\Database\\Connection->run('select count(*)...', Array, Object(Closure))
#2 C:\\Users\\Marcelo Júnior\\Downloads\\api-conta-contas\\vendor\\illuminate\\database\\Query\\Builder.php(2178): Illuminate\\Database\\Connection->select('select count(*)...', Array, true)
#3 C:\\Users\\Marcelo Júnior\\Downloads\\api-conta-contas\\vendor\\illuminate\\database\\Query\\Builder.php(2166): Illuminate\\Database\\Query\\Builder->runSelect()
#4 C:\\Users\\Marcelo Júnior\\Downloads\\api-conta-contas\\vendor\\illuminate\\database\\Query\\Builder.php(2638): Illuminate\\Database\\Query\\Builder->Illuminate\\Database\\Query\\{closure}()
#5 C:\\Users\\Marcelo Júnior\\Downloads\\api-conta-contas\\vendor\\illuminate\\database\\Query\\Builder.php(2167): Illuminate\\Database\\Query\\Builder->onceWithColumns(Array, Object(Closure))
#6 C:\\Users\\Marcelo Júnior\\Downloads\\api-conta-contas\\vendor\\illuminate\\database\\Query\\Builder.php(2265): Illuminate\\Database\\Query\\Builder->get()
#7 C:\\Users\\Marcelo Júnior\\Downloads\\api-conta-contas\\vendor\\illuminate\\database\\Query\\Builder.php(2236): Illuminate\\Database\\Query\\Builder->runPaginationCountQuery(Array)
#8 C:\\Users\\Marcelo Júnior\\Downloads\\api-conta-contas\\vendor\\illuminate\\database\\Eloquent\\Builder.php(722): Illuminate\\Database\\Query\\Builder->getCountForPagination()
#9 C:\\Users\\Marcelo Júnior\\Downloads\\api-conta-contas\\vendor\\illuminate\\support\\Traits\\ForwardsCalls.php(23): Illuminate\\Database\\Eloquent\\Builder->paginate(15)
#10 C:\\Users\\Marcelo Júnior\\Downloads\\api-conta-contas\\vendor\\illuminate\\database\\Eloquent\\Model.php(1662): Illuminate\\Database\\Eloquent\\Model->forwardCallTo(Object(Illuminate\\Database\\Eloquent\\Builder), 'paginate', Array)
#11 C:\\Users\\Marcelo Júnior\\Downloads\\api-conta-contas\\vendor\\illuminate\\database\\Eloquent\\Model.php(1674): Illuminate\\Database\\Eloquent\\Model->__call('paginate', Array)
#12 C:\\Users\\Marcelo Júnior\\Downloads\\api-conta-contas\\src\\Controllers\\BaseController.php(31): Illuminate\\Database\\Eloquent\\Model::__callStatic('paginate', Array)
#13 [internal function]: MimMarcelo\\API\\ContaContas\\Controllers\\BaseController->index(Object(Laravel\\Lumen\\Http\\Request))
#14 C:\\Users\\Marcelo Júnior\\Downloads\\api-conta-contas\\vendor\\illuminate\\container\\BoundMethod.php(32): call_user_func_array(Array, Array)
#15 C:\\Users\\Marcelo Júnior\\Downloads\\api-conta-contas\\vendor\\illuminate\\container\\Util.php(36): Illuminate\\Container\\BoundMethod::Illuminate\\Container\\{closure}()
#16 C:\\Users\\Marcelo Júnior\\Downloads\\api-conta-contas\\vendor\\illuminate\\container\\BoundMethod.php(90): Illuminate\\Container\\Util::unwrapIfClosure(Object(Closure))
#17 C:\\Users\\Marcelo Júnior\\Downloads\\api-conta-contas\\vendor\\illuminate\\container\\BoundMethod.php(34): Illuminate\\Container\\BoundMethod::callBoundMethod(Object(Laravel\\Lumen\\Application), Array, Object(Closure))
#18 C:\\Users\\Marcelo Júnior\\Downloads\\api-conta-contas\\vendor\\illuminate\\container\\Container.php(592): Illuminate\\Container\\BoundMethod::call(Object(Laravel\\Lumen\\Application), Array, Array, NULL)
#19 C:\\Users\\Marcelo Júnior\\Downloads\\api-conta-contas\\vendor\\laravel\\lumen-framework\\src\\Concerns\\RoutesRequests.php(376): Illuminate\\Container\\Container->call(Array, Array)
#20 C:\\Users\\Marcelo Júnior\\Downloads\\api-conta-contas\\vendor\\laravel\\lumen-framework\\src\\Concerns\\RoutesRequests.php(342): Laravel\\Lumen\\Application->callControllerCallable(Array, Array)
#21 C:\\Users\\Marcelo Júnior\\Downloads\\api-conta-contas\\vendor\\laravel\\lumen-framework\\src\\Concerns\\RoutesRequests.php(316): Laravel\\Lumen\\Application->callLumenController(Object(MimMarcelo\\API\\ContaContas\\Controllers\\TiposController), 'index', Array)
#22 C:\\Users\\Marcelo Júnior\\Downloads\\api-conta-contas\\vendor\\laravel\\lumen-framework\\src\\Concerns\\RoutesRequests.php(278): Laravel\\Lumen\\Application->callControllerAction(Array)
#23 C:\\Users\\Marcelo Júnior\\Downloads\\api-conta-contas\\vendor\\laravel\\lumen-framework\\src\\Concerns\\RoutesRequests.php(263): Laravel\\Lumen\\Application->callActionOnArrayBasedRoute(Array)
#24 C:\\Users\\Marcelo Júnior\\Downloads\\api-conta-contas\\vendor\\laravel\\lumen-framework\\src\\Concerns\\RoutesRequests.php(165): Laravel\\Lumen\\Application->handleFoundRoute(Array)
#25 C:\\Users\\Marcelo Júnior\\Downloads\\api-conta-contas\\vendor\\laravel\\lumen-framework\\src\\Concerns\\RoutesRequests.php(416): Laravel\\Lumen\\Application->Laravel\\Lumen\\Concerns\\{closure}(Object(Laravel\\Lumen\\Http\\Request))
#26 C:\\Users\\Marcelo Júnior\\Downloads\\api-conta-contas\\vendor\\laravel\\lumen-framework\\src\\Concerns\\RoutesRequests.php(171): Laravel\\Lumen\\Application->sendThroughPipeline(Array, Object(Closure))
#27 C:\\Users\\Marcelo Júnior\\Downloads\\api-conta-contas\\vendor\\laravel\\lumen-framework\\src\\Concerns\\RoutesRequests.php(108): Laravel\\Lumen\\Application->dispatch(NULL)
#28 C:\\Users\\Marcelo Júnior\\Downloads\\api-conta-contas\\public\\index.php(28): Laravel\\Lumen\\Application->run()
#29 {main}

[previous exception] [object] (PDOException(code: HY000): SQLSTATE[HY000]: General error: 1 no such table: tipos at C:\\Users\\Marcelo Júnior\\Downloads\\api-conta-contas\\vendor\\illuminate\\database\\Connection.php:331)
[stacktrace]
#0 C:\\Users\\Marcelo Júnior\\Downloads\\api-conta-contas\\vendor\\illuminate\\database\\Connection.php(331): PDO->prepare('select count(*)...')
#1 C:\\Users\\Marcelo Júnior\\Downloads\\api-conta-contas\\vendor\\illuminate\\database\\Connection.php(664): Illuminate\\Database\\Connection->Illuminate\\Database\\{closure}('select count(*)...', Array)
#2 C:\\Users\\Marcelo Júnior\\Downloads\\api-conta-contas\\vendor\\illuminate\\database\\Connection.php(631): Illuminate\\Database\\Connection->runQueryCallback('select count(*)...', Array, Object(Closure))
#3 C:\\Users\\Marcelo Júnior\\Downloads\\api-conta-contas\\vendor\\illuminate\\database\\Connection.php(339): Illuminate\\Database\\Connection->run('select count(*)...', Array, Object(Closure))
#4 C:\\Users\\Marcelo Júnior\\Downloads\\api-conta-contas\\vendor\\illuminate\\database\\Query\\Builder.php(2178): Illuminate\\Database\\Connection->select('select count(*)...', Array, true)
#5 C:\\Users\\Marcelo Júnior\\Downloads\\api-conta-contas\\vendor\\illuminate\\database\\Query\\Builder.php(2166): Illuminate\\Database\\Query\\Builder->runSelect()
#6 C:\\Users\\Marcelo Júnior\\Downloads\\api-conta-contas\\vendor\\illuminate\\database\\Query\\Builder.php(2638): Illuminate\\Database\\Query\\Builder->Illuminate\\Database\\Query\\{closure}()
#7 C:\\Users\\Marcelo Júnior\\Downloads\\api-conta-contas\\vendor\\illuminate\\database\\Query\\Builder.php(2167): Illuminate\\Database\\Query\\Builder->onceWithColumns(Array, Object(Closure))
#8 C:\\Users\\Marcelo Júnior\\Downloads\\api-conta-contas\\vendor\\illuminate\\database\\Query\\Builder.php(2265): Illuminate\\Database\\Query\\Builder->get()
#9 C:\\Users\\Marcelo Júnior\\Downloads\\api-conta-contas\\vendor\\illuminate\\database\\Query\\Builder.php(2236): Illuminate\\Database\\Query\\Builder->runPaginationCountQuery(Array)
#10 C:\\Users\\Marcelo Júnior\\Downloads\\api-conta-contas\\vendor\\illuminate\\database\\Eloquent\\Builder.php(722): Illuminate\\Database\\Query\\Builder->getCountForPagination()
#11 C:\\Users\\Marcelo Júnior\\Downloads\\api-conta-contas\\vendor\\illuminate\\support\\Traits\\ForwardsCalls.php(23): Illuminate\\Database\\Eloquent\\Builder->paginate(15)
#12 C:\\Users\\Marcelo Júnior\\Downloads\\api-conta-contas\\vendor\\illuminate\\database\\Eloquent\\Model.php(1662): Illuminate\\Database\\Eloquent\\Model->forwardCallTo(Object(Illuminate\\Database\\Eloquent\\Builder), 'paginate', Array)
#13 C:\\Users\\Marcelo Júnior\\Downloads\\api-conta-contas\\vendor\\illuminate\\database\\Eloquent\\Model.php(1674): Illuminate\\Database\\Eloquent\\Model->__call('paginate', Array)
#14 C:\\Users\\Marcelo Júnior\\Downloads\\api-conta-contas\\src\\Controllers\\BaseController.php(31): Illuminate\\Database\\Eloquent\\Model::__callStatic('paginate', Array)
#15 [internal function]: MimMarcelo\\API\\ContaContas\\Controllers\\BaseController->index(Object(Laravel\\Lumen\\Http\\Request))
#16 C:\\Users\\Marcelo Júnior\\Downloads\\api-conta-contas\\vendor\\illuminate\\container\\BoundMethod.php(32): call_user_func_array(Array, Array)
#17 C:\\Users\\Marcelo Júnior\\Downloads\\api-conta-contas\\vendor\\illuminate\\container\\Util.php(36): Illuminate\\Container\\BoundMethod::Illuminate\\Container\\{closure}()
#18 C:\\Users\\Marcelo Júnior\\Downloads\\api-conta-contas\\vendor\\illuminate\\container\\BoundMethod.php(90): Illuminate\\Container\\Util::unwrapIfClosure(Object(Closure))
#19 C:\\Users\\Marcelo Júnior\\Downloads\\api-conta-contas\\vendor\\illuminate\\container\\BoundMethod.php(34): Illuminate\\Container\\BoundMethod::callBoundMethod(Object(Laravel\\Lumen\\Application), Array, Object(Closure))
#20 C:\\Users\\Marcelo Júnior\\Downloads\\api-conta-contas\\vendor\\illuminate\\container\\Container.php(592): Illuminate\\Container\\BoundMethod::call(Object(Laravel\\Lumen\\Application), Array, Array, NULL)
#21 C:\\Users\\Marcelo Júnior\\Downloads\\api-conta-contas\\vendor\\laravel\\lumen-framework\\src\\Concerns\\RoutesRequests.php(376): Illuminate\\Container\\Container->call(Array, Array)
#22 C:\\Users\\Marcelo Júnior\\Downloads\\api-conta-contas\\vendor\\laravel\\lumen-framework\\src\\Concerns\\RoutesRequests.php(342): Laravel\\Lumen\\Application->callControllerCallable(Array, Array)
#23 C:\\Users\\Marcelo Júnior\\Downloads\\api-conta-contas\\vendor\\laravel\\lumen-framework\\src\\Concerns\\RoutesRequests.php(316): Laravel\\Lumen\\Application->callLumenController(Object(MimMarcelo\\API\\ContaContas\\Controllers\\TiposController), 'index', Array)
#24 C:\\Users\\Marcelo Júnior\\Downloads\\api-conta-contas\\vendor\\laravel\\lumen-framework\\src\\Concerns\\RoutesRequests.php(278): Laravel\\Lumen\\Application->callControllerAction(Array)
#25 C:\\Users\\Marcelo Júnior\\Downloads\\api-conta-contas\\vendor\\laravel\\lumen-framework\\src\\Concerns\\RoutesRequests.php(263): Laravel\\Lumen\\Application->callActionOnArrayBasedRoute(Array)
#26 C:\\Users\\Marcelo Júnior\\Downloads\\api-conta-contas\\vendor\\laravel\\lumen-framework\\src\\Concerns\\RoutesRequests.php(165): Laravel\\Lumen\\Application->handleFoundRoute(Array)
#27 C:\\Users\\Marcelo Júnior\\Downloads\\api-conta-contas\\vendor\\laravel\\lumen-framework\\src\\Concerns\\RoutesRequests.php(416): Laravel\\Lumen\\Application->Laravel\\Lumen\\Concerns\\{closure}(Object(Laravel\\Lumen\\Http\\Request))
#28 C:\\Users\\Marcelo Júnior\\Downloads\\api-conta-contas\\vendor\\laravel\\lumen-framework\\src\\Concerns\\RoutesRequests.php(171): Laravel\\Lumen\\Application->sendThroughPipeline(Array, Object(Closure))
#29 C:\\Users\\Marcelo Júnior\\Downloads\\api-conta-contas\\vendor\\laravel\\lumen-framework\\src\\Concerns\\RoutesRequests.php(108): Laravel\\Lumen\\Application->dispatch(NULL)
#30 C:\\Users\\Marcelo Júnior\\Downloads\\api-conta-contas\\public\\index.php(28): Laravel\\Lumen\\Application->run()
#31 {main}
"} 
[2020-04-20 01:40:08] local.ERROR: TypeError: Argument 1 passed to MimMarcelo\API\ContaContas\Model\Tipo\Tipo::getTipoContaAttribute() must be an instance of MimMarcelo\API\ContaContas\Model\Tipo\TipoConta, string given, called in C:\Users\Marcelo Júnior\Downloads\api-conta-contas\vendor\illuminate\database\Eloquent\Concerns\HasAttributes.php on line 466 and defined in C:\Users\Marcelo Júnior\Downloads\api-conta-contas\src\Model\Tipo\Tipo.php:17
Stack trace:
#0 C:\Users\Marcelo Júnior\Downloads\api-conta-contas\vendor\illuminate\database\Eloquent\Concerns\HasAttributes.php(466): MimMarcelo\API\ContaContas\Model\Tipo\Tipo->getTipoContaAttribute('-1')
#1 C:\Users\Marcelo Júnior\Downloads\api-conta-contas\vendor\illuminate\database\Eloquent\Concerns\HasAttributes.php(480): Illuminate\Database\Eloquent\Model->mutateAttribute('tipo_conta', '-1')
#2 C:\Users\Marcelo Júnior\Downloads\api-conta-contas\vendor\illuminate\database\Eloquent\Concerns\HasAttributes.php(193): Illuminate\Database\Eloquent\Model->mutateAttributeForArray('tipo_conta', '-1')
#3 C:\Users\Marcelo Júnior\Downloads\api-conta-contas\vendor\illuminate\database\Eloquent\Concerns\HasAttributes.php(131): Illuminate\Database\Eloquent\Model->addMutatedAttributesToArray(Array, Array)
#4 C:\Users\Marcelo Júnior\Downloads\api-conta-contas\vendor\illuminate\database\Eloquent\Model.php(1116): Illuminate\Database\Eloquent\Model->attributesToArray()
#5 C:\Users\Marcelo Júnior\Downloads\api-conta-contas\vendor\illuminate\support\Traits\EnumeratesValues.php(750): Illuminate\Database\Eloquent\Model->toArray()
#6 [internal function]: Illuminate\Support\Collection->Illuminate\Support\Traits\{closure}(Object(MimMarcelo\API\ContaContas\Model\Tipo\Tipo), 0)
#7 C:\Users\Marcelo Júnior\Downloads\api-conta-contas\vendor\illuminate\support\Collection.php(638): array_map(Object(Closure), Array, Array)
#8 C:\Users\Marcelo Júnior\Downloads\api-conta-contas\vendor\illuminate\database\Eloquent\Collection.php(254): Illuminate\Support\Collection->map(Object(Closure))
#9 C:\Users\Marcelo Júnior\Downloads\api-conta-contas\vendor\illuminate\support\Traits\EnumeratesValues.php(751): Illuminate\Database\Eloquent\Collection->map(Object(Closure))
#10 C:\Users\Marcelo Júnior\Downloads\api-conta-contas\vendor\illuminate\pagination\LengthAwarePaginator.php(166): Illuminate\Support\Collection->toArray()
#11 C:\Users\Marcelo Júnior\Downloads\api-conta-contas\vendor\illuminate\pagination\LengthAwarePaginator.php(187): Illuminate\Pagination\LengthAwarePaginator->toArray()
#12 C:\Users\Marcelo Júnior\Downloads\api-conta-contas\vendor\illuminate\pagination\LengthAwarePaginator.php(198): Illuminate\Pagination\LengthAwarePaginator->jsonSerialize()
#13 C:\Users\Marcelo Júnior\Downloads\api-conta-contas\vendor\illuminate\http\Response.php(94): Illuminate\Pagination\LengthAwarePaginator->toJson()
#14 C:\Users\Marcelo Júnior\Downloads\api-conta-contas\vendor\illuminate\http\Response.php(55): Illuminate\Http\Response->morphToJson(Object(Illuminate\Pagination\LengthAwarePaginator))
#15 C:\Users\Marcelo Júnior\Downloads\api-conta-contas\vendor\illuminate\http\Response.php(34): Illuminate\Http\Response->setContent(Object(Illuminate\Pagination\LengthAwarePaginator))
#16 C:\Users\Marcelo Júnior\Downloads\api-conta-contas\vendor\laravel\lumen-framework\src\Concerns\RoutesRequests.php(436): Illuminate\Http\Response->__construct(Object(Illuminate\Pagination\LengthAwarePaginator))
#17 C:\Users\Marcelo Júnior\Downloads\api-conta-contas\vendor\laravel\lumen-framework\src\Concerns\RoutesRequests.php(376): Laravel\Lumen\Application->prepareResponse(Object(Illuminate\Pagination\LengthAwarePaginator))
#18 C:\Users\Marcelo Júnior\Downloads\api-conta-contas\vendor\laravel\lumen-framework\src\Concerns\RoutesRequests.php(342): Laravel\Lumen\Application->callControllerCallable(Array, Array)
#19 C:\Users\Marcelo Júnior\Downloads\api-conta-contas\vendor\laravel\lumen-framework\src\Concerns\RoutesRequests.php(316): Laravel\Lumen\Application->callLumenController(Object(MimMarcelo\API\ContaContas\Controllers\TiposController), 'index', Array)
#20 C:\Users\Marcelo Júnior\Downloads\api-conta-contas\vendor\laravel\lumen-framework\src\Concerns\RoutesRequests.php(278): Laravel\Lumen\Application->callControllerAction(Array)
#21 C:\Users\Marcelo Júnior\Downloads\api-conta-contas\vendor\laravel\lumen-framework\src\Concerns\RoutesRequests.php(263): Laravel\Lumen\Application->callActionOnArrayBasedRoute(Array)
#22 C:\Users\Marcelo Júnior\Downloads\api-conta-contas\vendor\laravel\lumen-framework\src\Concerns\RoutesRequests.php(165): Laravel\Lumen\Application->handleFoundRoute(Array)
#23 C:\Users\Marcelo Júnior\Downloads\api-conta-contas\vendor\laravel\lumen-framework\src\Concerns\RoutesRequests.php(416): Laravel\Lumen\Application->Laravel\Lumen\Concerns\{closure}(Object(Laravel\Lumen\Http\Request))
#24 C:\Users\Marcelo Júnior\Downloads\api-conta-contas\vendor\laravel\lumen-framework\src\Concerns\RoutesRequests.php(171): Laravel\Lumen\Application->sendThroughPipeline(Array, Object(Closure))
#25 C:\Users\Marcelo Júnior\Downloads\api-conta-contas\vendor\laravel\lumen-framework\src\Concerns\RoutesRequests.php(108): Laravel\Lumen\Application->dispatch(NULL)
#26 C:\Users\Marcelo Júnior\Downloads\api-conta-contas\public\index.php(28): Laravel\Lumen\Application->run()
#27 {main} {"exception":"[object] (TypeError(code: 0): Argument 1 passed to MimMarcelo\\API\\ContaContas\\Model\\Tipo\\Tipo::getTipoContaAttribute() must be an instance of MimMarcelo\\API\\ContaContas\\Model\\Tipo\\TipoConta, string given, called in C:\\Users\\Marcelo Júnior\\Downloads\\api-conta-contas\\vendor\\illuminate\\database\\Eloquent\\Concerns\\HasAttributes.php on line 466 at C:\\Users\\Marcelo Júnior\\Downloads\\api-conta-contas\\src\\Model\\Tipo\\Tipo.php:17)
[stacktrace]
#0 C:\\Users\\Marcelo Júnior\\Downloads\\api-conta-contas\\vendor\\illuminate\\database\\Eloquent\\Concerns\\HasAttributes.php(466): MimMarcelo\\API\\ContaContas\\Model\\Tipo\\Tipo->getTipoContaAttribute('-1')
#1 C:\\Users\\Marcelo Júnior\\Downloads\\api-conta-contas\\vendor\\illuminate\\database\\Eloquent\\Concerns\\HasAttributes.php(480): Illuminate\\Database\\Eloquent\\Model->mutateAttribute('tipo_conta', '-1')
#2 C:\\Users\\Marcelo Júnior\\Downloads\\api-conta-contas\\vendor\\illuminate\\database\\Eloquent\\Concerns\\HasAttributes.php(193): Illuminate\\Database\\Eloquent\\Model->mutateAttributeForArray('tipo_conta', '-1')
#3 C:\\Users\\Marcelo Júnior\\Downloads\\api-conta-contas\\vendor\\illuminate\\database\\Eloquent\\Concerns\\HasAttributes.php(131): Illuminate\\Database\\Eloquent\\Model->addMutatedAttributesToArray(Array, Array)
#4 C:\\Users\\Marcelo Júnior\\Downloads\\api-conta-contas\\vendor\\illuminate\\database\\Eloquent\\Model.php(1116): Illuminate\\Database\\Eloquent\\Model->attributesToArray()
#5 C:\\Users\\Marcelo Júnior\\Downloads\\api-conta-contas\\vendor\\illuminate\\support\\Traits\\EnumeratesValues.php(750): Illuminate\\Database\\Eloquent\\Model->toArray()
#6 [internal function]: Illuminate\\Support\\Collection->Illuminate\\Support\\Traits\\{closure}(Object(MimMarcelo\\API\\ContaContas\\Model\\Tipo\\Tipo), 0)
#7 C:\\Users\\Marcelo Júnior\\Downloads\\api-conta-contas\\vendor\\illuminate\\support\\Collection.php(638): array_map(Object(Closure), Array, Array)
#8 C:\\Users\\Marcelo Júnior\\Downloads\\api-conta-contas\\vendor\\illuminate\\database\\Eloquent\\Collection.php(254): Illuminate\\Support\\Collection->map(Object(Closure))
#9 C:\\Users\\Marcelo Júnior\\Downloads\\api-conta-contas\\vendor\\illuminate\\support\\Traits\\EnumeratesValues.php(751): Illuminate\\Database\\Eloquent\\Collection->map(Object(Closure))
#10 C:\\Users\\Marcelo Júnior\\Downloads\\api-conta-contas\\vendor\\illuminate\\pagination\\LengthAwarePaginator.php(166): Illuminate\\Support\\Collection->toArray()
#11 C:\\Users\\Marcelo Júnior\\Downloads\\api-conta-contas\\vendor\\illuminate\\pagination\\LengthAwarePaginator.php(187): Illuminate\\Pagination\\LengthAwarePaginator->toArray()
#12 C:\\Users\\Marcelo Júnior\\Downloads\\api-conta-contas\\vendor\\illuminate\\pagination\\LengthAwarePaginator.php(198): Illuminate\\Pagination\\LengthAwarePaginator->jsonSerialize()
#13 C:\\Users\\Marcelo Júnior\\Downloads\\api-conta-contas\\vendor\\illuminate\\http\\Response.php(94): Illuminate\\Pagination\\LengthAwarePaginator->toJson()
#14 C:\\Users\\Marcelo Júnior\\Downloads\\api-conta-contas\\vendor\\illuminate\\http\\Response.php(55): Illuminate\\Http\\Response->morphToJson(Object(Illuminate\\Pagination\\LengthAwarePaginator))
#15 C:\\Users\\Marcelo Júnior\\Downloads\\api-conta-contas\\vendor\\illuminate\\http\\Response.php(34): Illuminate\\Http\\Response->setContent(Object(Illuminate\\Pagination\\LengthAwarePaginator))
#16 C:\\Users\\Marcelo Júnior\\Downloads\\api-conta-contas\\vendor\\laravel\\lumen-framework\\src\\Concerns\\RoutesRequests.php(436): Illuminate\\Http\\Response->__construct(Object(Illuminate\\Pagination\\LengthAwarePaginator))
#17 C:\\Users\\Marcelo Júnior\\Downloads\\api-conta-contas\\vendor\\laravel\\lumen-framework\\src\\Concerns\\RoutesRequests.php(376): Laravel\\Lumen\\Application->prepareResponse(Object(Illuminate\\Pagination\\LengthAwarePaginator))
#18 C:\\Users\\Marcelo Júnior\\Downloads\\api-conta-contas\\vendor\\laravel\\lumen-framework\\src\\Concerns\\RoutesRequests.php(342): Laravel\\Lumen\\Application->callControllerCallable(Array, Array)
#19 C:\\Users\\Marcelo Júnior\\Downloads\\api-conta-contas\\vendor\\laravel\\lumen-framework\\src\\Concerns\\RoutesRequests.php(316): Laravel\\Lumen\\Application->callLumenController(Object(MimMarcelo\\API\\ContaContas\\Controllers\\TiposController), 'index', Array)
#20 C:\\Users\\Marcelo Júnior\\Downloads\\api-conta-contas\\vendor\\laravel\\lumen-framework\\src\\Concerns\\RoutesRequests.php(278): Laravel\\Lumen\\Application->callControllerAction(Array)
#21 C:\\Users\\Marcelo Júnior\\Downloads\\api-conta-contas\\vendor\\laravel\\lumen-framework\\src\\Concerns\\RoutesRequests.php(263): Laravel\\Lumen\\Application->callActionOnArrayBasedRoute(Array)
#22 C:\\Users\\Marcelo Júnior\\Downloads\\api-conta-contas\\vendor\\laravel\\lumen-framework\\src\\Concerns\\RoutesRequests.php(165): Laravel\\Lumen\\Application->handleFoundRoute(Array)
#23 C:\\Users\\Marcelo Júnior\\Downloads\\api-conta-contas\\vendor\\laravel\\lumen-framework\\src\\Concerns\\RoutesRequests.php(416): Laravel\\Lumen\\Application->Laravel\\Lumen\\Concerns\\{closure}(Object(Laravel\\Lumen\\Http\\Request))
#24 C:\\Users\\Marcelo Júnior\\Downloads\\api-conta-contas\\vendor\\laravel\\lumen-framework\\src\\Concerns\\RoutesRequests.php(171): Laravel\\Lumen\\Application->sendThroughPipeline(Array, Object(Closure))
#25 C:\\Users\\Marcelo Júnior\\Downloads\\api-conta-contas\\vendor\\laravel\\lumen-framework\\src\\Concerns\\RoutesRequests.php(108): Laravel\\Lumen\\Application->dispatch(NULL)
#26 C:\\Users\\Marcelo Júnior\\Downloads\\api-conta-contas\\public\\index.php(28): Laravel\\Lumen\\Application->run()
#27 {main}
"} 
[2020-04-20 01:41:12] local.ERROR: Error: Class 'MimMarcelo\API\ContaContas\Model\Tipo\Saida' not found in C:\Users\Marcelo Júnior\Downloads\api-conta-contas\src\Model\Tipo\TipoConta.php:37
Stack trace:
#0 C:\Users\Marcelo Júnior\Downloads\api-conta-contas\src\Model\Tipo\Tipo.php(18): MimMarcelo\API\ContaContas\Model\Tipo\TipoConta::get(-1)
#1 C:\Users\Marcelo Júnior\Downloads\api-conta-contas\vendor\illuminate\database\Eloquent\Concerns\HasAttributes.php(466): MimMarcelo\API\ContaContas\Model\Tipo\Tipo->getTipoContaAttribute('-1')
#2 C:\Users\Marcelo Júnior\Downloads\api-conta-contas\vendor\illuminate\database\Eloquent\Concerns\HasAttributes.php(480): Illuminate\Database\Eloquent\Model->mutateAttribute('tipo_conta', '-1')
#3 C:\Users\Marcelo Júnior\Downloads\api-conta-contas\vendor\illuminate\database\Eloquent\Concerns\HasAttributes.php(193): Illuminate\Database\Eloquent\Model->mutateAttributeForArray('tipo_conta', '-1')
#4 C:\Users\Marcelo Júnior\Downloads\api-conta-contas\vendor\illuminate\database\Eloquent\Concerns\HasAttributes.php(131): Illuminate\Database\Eloquent\Model->addMutatedAttributesToArray(Array, Array)
#5 C:\Users\Marcelo Júnior\Downloads\api-conta-contas\vendor\illuminate\database\Eloquent\Model.php(1116): Illuminate\Database\Eloquent\Model->attributesToArray()
#6 C:\Users\Marcelo Júnior\Downloads\api-conta-contas\vendor\illuminate\support\Traits\EnumeratesValues.php(750): Illuminate\Database\Eloquent\Model->toArray()
#7 [internal function]: Illuminate\Support\Collection->Illuminate\Support\Traits\{closure}(Object(MimMarcelo\API\ContaContas\Model\Tipo\Tipo), 0)
#8 C:\Users\Marcelo Júnior\Downloads\api-conta-contas\vendor\illuminate\support\Collection.php(638): array_map(Object(Closure), Array, Array)
#9 C:\Users\Marcelo Júnior\Downloads\api-conta-contas\vendor\illuminate\database\Eloquent\Collection.php(254): Illuminate\Support\Collection->map(Object(Closure))
#10 C:\Users\Marcelo Júnior\Downloads\api-conta-contas\vendor\illuminate\support\Traits\EnumeratesValues.php(751): Illuminate\Database\Eloquent\Collection->map(Object(Closure))
#11 C:\Users\Marcelo Júnior\Downloads\api-conta-contas\vendor\illuminate\pagination\LengthAwarePaginator.php(166): Illuminate\Support\Collection->toArray()
#12 C:\Users\Marcelo Júnior\Downloads\api-conta-contas\vendor\illuminate\pagination\LengthAwarePaginator.php(187): Illuminate\Pagination\LengthAwarePaginator->toArray()
#13 C:\Users\Marcelo Júnior\Downloads\api-conta-contas\vendor\illuminate\pagination\LengthAwarePaginator.php(198): Illuminate\Pagination\LengthAwarePaginator->jsonSerialize()
#14 C:\Users\Marcelo Júnior\Downloads\api-conta-contas\vendor\illuminate\http\Response.php(94): Illuminate\Pagination\LengthAwarePaginator->toJson()
#15 C:\Users\Marcelo Júnior\Downloads\api-conta-contas\vendor\illuminate\http\Response.php(55): Illuminate\Http\Response->morphToJson(Object(Illuminate\Pagination\LengthAwarePaginator))
#16 C:\Users\Marcelo Júnior\Downloads\api-conta-contas\vendor\illuminate\http\Response.php(34): Illuminate\Http\Response->setContent(Object(Illuminate\Pagination\LengthAwarePaginator))
#17 C:\Users\Marcelo Júnior\Downloads\api-conta-contas\vendor\laravel\lumen-framework\src\Concerns\RoutesRequests.php(436): Illuminate\Http\Response->__construct(Object(Illuminate\Pagination\LengthAwarePaginator))
#18 C:\Users\Marcelo Júnior\Downloads\api-conta-contas\vendor\laravel\lumen-framework\src\Concerns\RoutesRequests.php(376): Laravel\Lumen\Application->prepareResponse(Object(Illuminate\Pagination\LengthAwarePaginator))
#19 C:\Users\Marcelo Júnior\Downloads\api-conta-contas\vendor\laravel\lumen-framework\src\Concerns\RoutesRequests.php(342): Laravel\Lumen\Application->callControllerCallable(Array, Array)
#20 C:\Users\Marcelo Júnior\Downloads\api-conta-contas\vendor\laravel\lumen-framework\src\Concerns\RoutesRequests.php(316): Laravel\Lumen\Application->callLumenController(Object(MimMarcelo\API\ContaContas\Controllers\TiposController), 'index', Array)
#21 C:\Users\Marcelo Júnior\Downloads\api-conta-contas\vendor\laravel\lumen-framework\src\Concerns\RoutesRequests.php(278): Laravel\Lumen\Application->callControllerAction(Array)
#22 C:\Users\Marcelo Júnior\Downloads\api-conta-contas\vendor\laravel\lumen-framework\src\Concerns\RoutesRequests.php(263): Laravel\Lumen\Application->callActionOnArrayBasedRoute(Array)
#23 C:\Users\Marcelo Júnior\Downloads\api-conta-contas\vendor\laravel\lumen-framework\src\Concerns\RoutesRequests.php(165): Laravel\Lumen\Application->handleFoundRoute(Array)
#24 C:\Users\Marcelo Júnior\Downloads\api-conta-contas\vendor\laravel\lumen-framework\src\Concerns\RoutesRequests.php(416): Laravel\Lumen\Application->Laravel\Lumen\Concerns\{closure}(Object(Laravel\Lumen\Http\Request))
#25 C:\Users\Marcelo Júnior\Downloads\api-conta-contas\vendor\laravel\lumen-framework\src\Concerns\RoutesRequests.php(171): Laravel\Lumen\Application->sendThroughPipeline(Array, Object(Closure))
#26 C:\Users\Marcelo Júnior\Downloads\api-conta-contas\vendor\laravel\lumen-framework\src\Concerns\RoutesRequests.php(108): Laravel\Lumen\Application->dispatch(NULL)
#27 C:\Users\Marcelo Júnior\Downloads\api-conta-contas\public\index.php(28): Laravel\Lumen\Application->run()
#28 {main} {"exception":"[object] (Error(code: 0): Class 'MimMarcelo\\API\\ContaContas\\Model\\Tipo\\Saida' not found at C:\\Users\\Marcelo Júnior\\Downloads\\api-conta-contas\\src\\Model\\Tipo\\TipoConta.php:37)
[stacktrace]
#0 C:\\Users\\Marcelo Júnior\\Downloads\\api-conta-contas\\src\\Model\\Tipo\\Tipo.php(18): MimMarcelo\\API\\ContaContas\\Model\\Tipo\\TipoConta::get(-1)
#1 C:\\Users\\Marcelo Júnior\\Downloads\\api-conta-contas\\vendor\\illuminate\\database\\Eloquent\\Concerns\\HasAttributes.php(466): MimMarcelo\\API\\ContaContas\\Model\\Tipo\\Tipo->getTipoContaAttribute('-1')
#2 C:\\Users\\Marcelo Júnior\\Downloads\\api-conta-contas\\vendor\\illuminate\\database\\Eloquent\\Concerns\\HasAttributes.php(480): Illuminate\\Database\\Eloquent\\Model->mutateAttribute('tipo_conta', '-1')
#3 C:\\Users\\Marcelo Júnior\\Downloads\\api-conta-contas\\vendor\\illuminate\\database\\Eloquent\\Concerns\\HasAttributes.php(193): Illuminate\\Database\\Eloquent\\Model->mutateAttributeForArray('tipo_conta', '-1')
#4 C:\\Users\\Marcelo Júnior\\Downloads\\api-conta-contas\\vendor\\illuminate\\database\\Eloquent\\Concerns\\HasAttributes.php(131): Illuminate\\Database\\Eloquent\\Model->addMutatedAttributesToArray(Array, Array)
#5 C:\\Users\\Marcelo Júnior\\Downloads\\api-conta-contas\\vendor\\illuminate\\database\\Eloquent\\Model.php(1116): Illuminate\\Database\\Eloquent\\Model->attributesToArray()
#6 C:\\Users\\Marcelo Júnior\\Downloads\\api-conta-contas\\vendor\\illuminate\\support\\Traits\\EnumeratesValues.php(750): Illuminate\\Database\\Eloquent\\Model->toArray()
#7 [internal function]: Illuminate\\Support\\Collection->Illuminate\\Support\\Traits\\{closure}(Object(MimMarcelo\\API\\ContaContas\\Model\\Tipo\\Tipo), 0)
#8 C:\\Users\\Marcelo Júnior\\Downloads\\api-conta-contas\\vendor\\illuminate\\support\\Collection.php(638): array_map(Object(Closure), Array, Array)
#9 C:\\Users\\Marcelo Júnior\\Downloads\\api-conta-contas\\vendor\\illuminate\\database\\Eloquent\\Collection.php(254): Illuminate\\Support\\Collection->map(Object(Closure))
#10 C:\\Users\\Marcelo Júnior\\Downloads\\api-conta-contas\\vendor\\illuminate\\support\\Traits\\EnumeratesValues.php(751): Illuminate\\Database\\Eloquent\\Collection->map(Object(Closure))
#11 C:\\Users\\Marcelo Júnior\\Downloads\\api-conta-contas\\vendor\\illuminate\\pagination\\LengthAwarePaginator.php(166): Illuminate\\Support\\Collection->toArray()
#12 C:\\Users\\Marcelo Júnior\\Downloads\\api-conta-contas\\vendor\\illuminate\\pagination\\LengthAwarePaginator.php(187): Illuminate\\Pagination\\LengthAwarePaginator->toArray()
#13 C:\\Users\\Marcelo Júnior\\Downloads\\api-conta-contas\\vendor\\illuminate\\pagination\\LengthAwarePaginator.php(198): Illuminate\\Pagination\\LengthAwarePaginator->jsonSerialize()
#14 C:\\Users\\Marcelo Júnior\\Downloads\\api-conta-contas\\vendor\\illuminate\\http\\Response.php(94): Illuminate\\Pagination\\LengthAwarePaginator->toJson()
#15 C:\\Users\\Marcelo Júnior\\Downloads\\api-conta-contas\\vendor\\illuminate\\http\\Response.php(55): Illuminate\\Http\\Response->morphToJson(Object(Illuminate\\Pagination\\LengthAwarePaginator))
#16 C:\\Users\\Marcelo Júnior\\Downloads\\api-conta-contas\\vendor\\illuminate\\http\\Response.php(34): Illuminate\\Http\\Response->setContent(Object(Illuminate\\Pagination\\LengthAwarePaginator))
#17 C:\\Users\\Marcelo Júnior\\Downloads\\api-conta-contas\\vendor\\laravel\\lumen-framework\\src\\Concerns\\RoutesRequests.php(436): Illuminate\\Http\\Response->__construct(Object(Illuminate\\Pagination\\LengthAwarePaginator))
#18 C:\\Users\\Marcelo Júnior\\Downloads\\api-conta-contas\\vendor\\laravel\\lumen-framework\\src\\Concerns\\RoutesRequests.php(376): Laravel\\Lumen\\Application->prepareResponse(Object(Illuminate\\Pagination\\LengthAwarePaginator))
#19 C:\\Users\\Marcelo Júnior\\Downloads\\api-conta-contas\\vendor\\laravel\\lumen-framework\\src\\Concerns\\RoutesRequests.php(342): Laravel\\Lumen\\Application->callControllerCallable(Array, Array)
#20 C:\\Users\\Marcelo Júnior\\Downloads\\api-conta-contas\\vendor\\laravel\\lumen-framework\\src\\Concerns\\RoutesRequests.php(316): Laravel\\Lumen\\Application->callLumenController(Object(MimMarcelo\\API\\ContaContas\\Controllers\\TiposController), 'index', Array)
#21 C:\\Users\\Marcelo Júnior\\Downloads\\api-conta-contas\\vendor\\laravel\\lumen-framework\\src\\Concerns\\RoutesRequests.php(278): Laravel\\Lumen\\Application->callControllerAction(Array)
#22 C:\\Users\\Marcelo Júnior\\Downloads\\api-conta-contas\\vendor\\laravel\\lumen-framework\\src\\Concerns\\RoutesRequests.php(263): Laravel\\Lumen\\Application->callActionOnArrayBasedRoute(Array)
#23 C:\\Users\\Marcelo Júnior\\Downloads\\api-conta-contas\\vendor\\laravel\\lumen-framework\\src\\Concerns\\RoutesRequests.php(165): Laravel\\Lumen\\Application->handleFoundRoute(Array)
#24 C:\\Users\\Marcelo Júnior\\Downloads\\api-conta-contas\\vendor\\laravel\\lumen-framework\\src\\Concerns\\RoutesRequests.php(416): Laravel\\Lumen\\Application->Laravel\\Lumen\\Concerns\\{closure}(Object(Laravel\\Lumen\\Http\\Request))
#25 C:\\Users\\Marcelo Júnior\\Downloads\\api-conta-contas\\vendor\\laravel\\lumen-framework\\src\\Concerns\\RoutesRequests.php(171): Laravel\\Lumen\\Application->sendThroughPipeline(Array, Object(Closure))
#26 C:\\Users\\Marcelo Júnior\\Downloads\\api-conta-contas\\vendor\\laravel\\lumen-framework\\src\\Concerns\\RoutesRequests.php(108): Laravel\\Lumen\\Application->dispatch(NULL)
#27 C:\\Users\\Marcelo Júnior\\Downloads\\api-conta-contas\\public\\index.php(28): Laravel\\Lumen\\Application->run()
#28 {main}
"} 
[2020-04-20 01:45:26] local.ERROR: Error: Object of class MimMarcelo\API\ContaContas\Model\Tipo\Entrada could not be converted to string in C:\Users\Marcelo Júnior\Downloads\api-conta-contas\vendor\illuminate\database\Connection.php:582
Stack trace:
#0 C:\Users\Marcelo Júnior\Downloads\api-conta-contas\vendor\illuminate\database\Connection.php(582): PDOStatement->bindValue(1, Object(MimMarcelo\API\ContaContas\Model\Tipo\Entrada), 2)
#1 C:\Users\Marcelo Júnior\Downloads\api-conta-contas\vendor\illuminate\database\Connection.php(487): Illuminate\Database\Connection->bindValues(Object(PDOStatement), Array)
#2 C:\Users\Marcelo Júnior\Downloads\api-conta-contas\vendor\illuminate\database\Connection.php(664): Illuminate\Database\Connection->Illuminate\Database\{closure}('update "tipos_c...', Array)
#3 C:\Users\Marcelo Júnior\Downloads\api-conta-contas\vendor\illuminate\database\Connection.php(631): Illuminate\Database\Connection->runQueryCallback('update "tipos_c...', Array, Object(Closure))
#4 C:\Users\Marcelo Júnior\Downloads\api-conta-contas\vendor\illuminate\database\Connection.php(496): Illuminate\Database\Connection->run('update "tipos_c...', Array, Object(Closure))
#5 C:\Users\Marcelo Júnior\Downloads\api-conta-contas\vendor\illuminate\database\Connection.php(429): Illuminate\Database\Connection->affectingStatement('update "tipos_c...', Array)
#6 C:\Users\Marcelo Júnior\Downloads\api-conta-contas\vendor\illuminate\database\Query\Builder.php(2755): Illuminate\Database\Connection->update('update "tipos_c...', Array)
#7 C:\Users\Marcelo Júnior\Downloads\api-conta-contas\vendor\illuminate\database\Eloquent\Builder.php(792): Illuminate\Database\Query\Builder->update(Array)
#8 C:\Users\Marcelo Júnior\Downloads\api-conta-contas\vendor\illuminate\database\Eloquent\Model.php(771): Illuminate\Database\Eloquent\Builder->update(Array)
#9 C:\Users\Marcelo Júnior\Downloads\api-conta-contas\vendor\illuminate\database\Eloquent\Model.php(686): Illuminate\Database\Eloquent\Model->performUpdate(Object(Illuminate\Database\Eloquent\Builder))
#10 C:\Users\Marcelo Júnior\Downloads\api-conta-contas\src\Controllers\BaseController.php(63): Illuminate\Database\Eloquent\Model->save()
#11 [internal function]: MimMarcelo\API\ContaContas\Controllers\BaseController->update(2, Object(Laravel\Lumen\Http\Request))
#12 C:\Users\Marcelo Júnior\Downloads\api-conta-contas\vendor\illuminate\container\BoundMethod.php(32): call_user_func_array(Array, Array)
#13 C:\Users\Marcelo Júnior\Downloads\api-conta-contas\vendor\illuminate\container\Util.php(36): Illuminate\Container\BoundMethod::Illuminate\Container\{closure}()
#14 C:\Users\Marcelo Júnior\Downloads\api-conta-contas\vendor\illuminate\container\BoundMethod.php(90): Illuminate\Container\Util::unwrapIfClosure(Object(Closure))
#15 C:\Users\Marcelo Júnior\Downloads\api-conta-contas\vendor\illuminate\container\BoundMethod.php(34): Illuminate\Container\BoundMethod::callBoundMethod(Object(Laravel\Lumen\Application), Array, Object(Closure))
#16 C:\Users\Marcelo Júnior\Downloads\api-conta-contas\vendor\illuminate\container\Container.php(592): Illuminate\Container\BoundMethod::call(Object(Laravel\Lumen\Application), Array, Array, NULL)
#17 C:\Users\Marcelo Júnior\Downloads\api-conta-contas\vendor\laravel\lumen-framework\src\Concerns\RoutesRequests.php(376): Illuminate\Container\Container->call(Array, Array)
#18 C:\Users\Marcelo Júnior\Downloads\api-conta-contas\vendor\laravel\lumen-framework\src\Concerns\RoutesRequests.php(342): Laravel\Lumen\Application->callControllerCallable(Array, Array)
#19 C:\Users\Marcelo Júnior\Downloads\api-conta-contas\vendor\laravel\lumen-framework\src\Concerns\RoutesRequests.php(316): Laravel\Lumen\Application->callLumenController(Object(MimMarcelo\API\ContaContas\Controllers\TiposController), 'update', Array)
#20 C:\Users\Marcelo Júnior\Downloads\api-conta-contas\vendor\laravel\lumen-framework\src\Concerns\RoutesRequests.php(278): Laravel\Lumen\Application->callControllerAction(Array)
#21 C:\Users\Marcelo Júnior\Downloads\api-conta-contas\vendor\laravel\lumen-framework\src\Concerns\RoutesRequests.php(263): Laravel\Lumen\Application->callActionOnArrayBasedRoute(Array)
#22 C:\Users\Marcelo Júnior\Downloads\api-conta-contas\vendor\laravel\lumen-framework\src\Concerns\RoutesRequests.php(233): Laravel\Lumen\Application->handleFoundRoute(Array)
#23 C:\Users\Marcelo Júnior\Downloads\api-conta-contas\vendor\laravel\lumen-framework\src\Concerns\RoutesRequests.php(169): Laravel\Lumen\Application->handleDispatcherResponse(Array)
#24 C:\Users\Marcelo Júnior\Downloads\api-conta-contas\vendor\laravel\lumen-framework\src\Concerns\RoutesRequests.php(416): Laravel\Lumen\Application->Laravel\Lumen\Concerns\{closure}(Object(Laravel\Lumen\Http\Request))
#25 C:\Users\Marcelo Júnior\Downloads\api-conta-contas\vendor\laravel\lumen-framework\src\Concerns\RoutesRequests.php(171): Laravel\Lumen\Application->sendThroughPipeline(Array, Object(Closure))
#26 C:\Users\Marcelo Júnior\Downloads\api-conta-contas\vendor\laravel\lumen-framework\src\Concerns\RoutesRequests.php(108): Laravel\Lumen\Application->dispatch(NULL)
#27 C:\Users\Marcelo Júnior\Downloads\api-conta-contas\public\index.php(28): Laravel\Lumen\Application->run()
#28 {main} {"exception":"[object] (Error(code: 0): Object of class MimMarcelo\\API\\ContaContas\\Model\\Tipo\\Entrada could not be converted to string at C:\\Users\\Marcelo Júnior\\Downloads\\api-conta-contas\\vendor\\illuminate\\database\\Connection.php:582)
[stacktrace]
#0 C:\\Users\\Marcelo Júnior\\Downloads\\api-conta-contas\\vendor\\illuminate\\database\\Connection.php(582): PDOStatement->bindValue(1, Object(MimMarcelo\\API\\ContaContas\\Model\\Tipo\\Entrada), 2)
#1 C:\\Users\\Marcelo Júnior\\Downloads\\api-conta-contas\\vendor\\illuminate\\database\\Connection.php(487): Illuminate\\Database\\Connection->bindValues(Object(PDOStatement), Array)
#2 C:\\Users\\Marcelo Júnior\\Downloads\\api-conta-contas\\vendor\\illuminate\\database\\Connection.php(664): Illuminate\\Database\\Connection->Illuminate\\Database\\{closure}('update \"tipos_c...', Array)
#3 C:\\Users\\Marcelo Júnior\\Downloads\\api-conta-contas\\vendor\\illuminate\\database\\Connection.php(631): Illuminate\\Database\\Connection->runQueryCallback('update \"tipos_c...', Array, Object(Closure))
#4 C:\\Users\\Marcelo Júnior\\Downloads\\api-conta-contas\\vendor\\illuminate\\database\\Connection.php(496): Illuminate\\Database\\Connection->run('update \"tipos_c...', Array, Object(Closure))
#5 C:\\Users\\Marcelo Júnior\\Downloads\\api-conta-contas\\vendor\\illuminate\\database\\Connection.php(429): Illuminate\\Database\\Connection->affectingStatement('update \"tipos_c...', Array)
#6 C:\\Users\\Marcelo Júnior\\Downloads\\api-conta-contas\\vendor\\illuminate\\database\\Query\\Builder.php(2755): Illuminate\\Database\\Connection->update('update \"tipos_c...', Array)
#7 C:\\Users\\Marcelo Júnior\\Downloads\\api-conta-contas\\vendor\\illuminate\\database\\Eloquent\\Builder.php(792): Illuminate\\Database\\Query\\Builder->update(Array)
#8 C:\\Users\\Marcelo Júnior\\Downloads\\api-conta-contas\\vendor\\illuminate\\database\\Eloquent\\Model.php(771): Illuminate\\Database\\Eloquent\\Builder->update(Array)
#9 C:\\Users\\Marcelo Júnior\\Downloads\\api-conta-contas\\vendor\\illuminate\\database\\Eloquent\\Model.php(686): Illuminate\\Database\\Eloquent\\Model->performUpdate(Object(Illuminate\\Database\\Eloquent\\Builder))
#10 C:\\Users\\Marcelo Júnior\\Downloads\\api-conta-contas\\src\\Controllers\\BaseController.php(63): Illuminate\\Database\\Eloquent\\Model->save()
#11 [internal function]: MimMarcelo\\API\\ContaContas\\Controllers\\BaseController->update(2, Object(Laravel\\Lumen\\Http\\Request))
#12 C:\\Users\\Marcelo Júnior\\Downloads\\api-conta-contas\\vendor\\illuminate\\container\\BoundMethod.php(32): call_user_func_array(Array, Array)
#13 C:\\Users\\Marcelo Júnior\\Downloads\\api-conta-contas\\vendor\\illuminate\\container\\Util.php(36): Illuminate\\Container\\BoundMethod::Illuminate\\Container\\{closure}()
#14 C:\\Users\\Marcelo Júnior\\Downloads\\api-conta-contas\\vendor\\illuminate\\container\\BoundMethod.php(90): Illuminate\\Container\\Util::unwrapIfClosure(Object(Closure))
#15 C:\\Users\\Marcelo Júnior\\Downloads\\api-conta-contas\\vendor\\illuminate\\container\\BoundMethod.php(34): Illuminate\\Container\\BoundMethod::callBoundMethod(Object(Laravel\\Lumen\\Application), Array, Object(Closure))
#16 C:\\Users\\Marcelo Júnior\\Downloads\\api-conta-contas\\vendor\\illuminate\\container\\Container.php(592): Illuminate\\Container\\BoundMethod::call(Object(Laravel\\Lumen\\Application), Array, Array, NULL)
#17 C:\\Users\\Marcelo Júnior\\Downloads\\api-conta-contas\\vendor\\laravel\\lumen-framework\\src\\Concerns\\RoutesRequests.php(376): Illuminate\\Container\\Container->call(Array, Array)
#18 C:\\Users\\Marcelo Júnior\\Downloads\\api-conta-contas\\vendor\\laravel\\lumen-framework\\src\\Concerns\\RoutesRequests.php(342): Laravel\\Lumen\\Application->callControllerCallable(Array, Array)
#19 C:\\Users\\Marcelo Júnior\\Downloads\\api-conta-contas\\vendor\\laravel\\lumen-framework\\src\\Concerns\\RoutesRequests.php(316): Laravel\\Lumen\\Application->callLumenController(Object(MimMarcelo\\API\\ContaContas\\Controllers\\TiposController), 'update', Array)
#20 C:\\Users\\Marcelo Júnior\\Downloads\\api-conta-contas\\vendor\\laravel\\lumen-framework\\src\\Concerns\\RoutesRequests.php(278): Laravel\\Lumen\\Application->callControllerAction(Array)
#21 C:\\Users\\Marcelo Júnior\\Downloads\\api-conta-contas\\vendor\\laravel\\lumen-framework\\src\\Concerns\\RoutesRequests.php(263): Laravel\\Lumen\\Application->callActionOnArrayBasedRoute(Array)
#22 C:\\Users\\Marcelo Júnior\\Downloads\\api-conta-contas\\vendor\\laravel\\lumen-framework\\src\\Concerns\\RoutesRequests.php(233): Laravel\\Lumen\\Application->handleFoundRoute(Array)
#23 C:\\Users\\Marcelo Júnior\\Downloads\\api-conta-contas\\vendor\\laravel\\lumen-framework\\src\\Concerns\\RoutesRequests.php(169): Laravel\\Lumen\\Application->handleDispatcherResponse(Array)
#24 C:\\Users\\Marcelo Júnior\\Downloads\\api-conta-contas\\vendor\\laravel\\lumen-framework\\src\\Concerns\\RoutesRequests.php(416): Laravel\\Lumen\\Application->Laravel\\Lumen\\Concerns\\{closure}(Object(Laravel\\Lumen\\Http\\Request))
#25 C:\\Users\\Marcelo Júnior\\Downloads\\api-conta-contas\\vendor\\laravel\\lumen-framework\\src\\Concerns\\RoutesRequests.php(171): Laravel\\Lumen\\Application->sendThroughPipeline(Array, Object(Closure))
#26 C:\\Users\\Marcelo Júnior\\Downloads\\api-conta-contas\\vendor\\laravel\\lumen-framework\\src\\Concerns\\RoutesRequests.php(108): Laravel\\Lumen\\Application->dispatch(NULL)
#27 C:\\Users\\Marcelo Júnior\\Downloads\\api-conta-contas\\public\\index.php(28): Laravel\\Lumen\\Application->run()
#28 {main}
"} 
